<?xml version="1.0" encoding="UTF-8"?>
<robot generator="Robot 4.0.3 (Python 3.9.5 on win32)" generated="20210607 20:18:25.421" rpa="false" schemaversion="2">
<suite id="s1" name="Feature login1" source="E:\RobotFramework\SauceLabsProject CSV\Tests\Feature_login1.robot">
<kw name="Launch Browser" library="BaseFile1" type="SETUP">
<kw name="Open Browser" library="SeleniumLibrary">
<arg>${URL}</arg>
<arg>${BROWSER}</arg>
<doc>Opens a new browser instance to the optional ``url``.</doc>
<msg timestamp="20210607 20:18:25.864" level="INFO">Opening browser 'Chrome' to base url 'https://www.saucedemo.com'.</msg>
<status status="PASS" starttime="20210607 20:18:25.863" endtime="20210607 20:18:30.145"/>
</kw>
<kw name="Maximize Browser Window" library="SeleniumLibrary">
<doc>Maximizes current browser window.</doc>
<status status="PASS" starttime="20210607 20:18:30.146" endtime="20210607 20:18:30.272"/>
</kw>
<status status="PASS" starttime="20210607 20:18:25.863" endtime="20210607 20:18:30.273"/>
</kw>
<test id="s1-t1" name="Test with CSV File">
<kw name="Get data from CSV file" library="DataManage">
<var>${Testdata}</var>
<arg>${InputFilePath}</arg>
<kw name="test data">
<var>${Data} =</var>
<arg>${InputFilePath}</arg>
<msg timestamp="20210607 20:18:30.282" level="FAIL">No keyword with name 'test data' found.</msg>
<status status="FAIL" starttime="20210607 20:18:30.282" endtime="20210607 20:18:30.282"/>
</kw>
<status status="FAIL" starttime="20210607 20:18:30.274" endtime="20210607 20:18:30.282"/>
</kw>
<kw name="Test with File" library="HomePage1">
<arg>${Testdata}</arg>
<status status="NOT RUN" starttime="20210607 20:18:30.282" endtime="20210607 20:18:30.283"/>
</kw>
<status status="FAIL" starttime="20210607 20:18:30.273" endtime="20210607 20:18:30.283">No keyword with name 'test data' found.</status>
</test>
<kw name="Close The Browser" library="BaseFile1" type="TEARDOWN">
<kw name="Close Browser" library="SeleniumLibrary">
<doc>Closes the current browser.</doc>
<status status="PASS" starttime="20210607 20:18:30.287" endtime="20210607 20:18:32.890"/>
</kw>
<status status="PASS" starttime="20210607 20:18:30.286" endtime="20210607 20:18:32.890"/>
</kw>
<status status="FAIL" starttime="20210607 20:18:25.424" endtime="20210607 20:18:32.890"/>
</suite>
<statistics>
<total>
<stat pass="0" fail="1" skip="0">All Tests</stat>
</total>
<tag>
</tag>
<suite>
<stat pass="0" fail="1" skip="0" id="s1" name="Feature login1">Feature login1</stat>
</suite>
</statistics>
<errors>
<msg timestamp="20210607 20:18:25.859" level="ERROR">Error in file 'E:\RobotFramework\SauceLabsProject CSV\Resources\DataManager\DataManage.robot' on line 2: Test library '..\CustomLibrary\testdata.py' does not exist.</msg>
</errors>
</robot>
