<?xml version="1.0" encoding="UTF-8"?>
<robot generator="Robot 4.0.3 (Python 3.9.5 on win32)" generated="20210607 10:45:23.237" rpa="false" schemaversion="2">
<suite id="s1" name="Feature login" source="E:\RobotFramework\SauceLabsProject\Tests\Feature_login.robot">
<kw name="Launch Browser" library="BaseFile" type="SETUP">
<kw name="Open Browser" library="SeleniumLibrary">
<arg>${URL}</arg>
<arg>${BROWSER}</arg>
<doc>Opens a new browser instance to the optional ``url``.</doc>
<msg timestamp="20210607 10:45:23.600" level="INFO">Opening browser 'Chrome' to base url 'https://www.saucedemo.com'.</msg>
<status status="PASS" starttime="20210607 10:45:23.600" endtime="20210607 10:45:26.965"/>
</kw>
<kw name="Maximize Browser Window" library="SeleniumLibrary">
<doc>Maximizes current browser window.</doc>
<status status="PASS" starttime="20210607 10:45:26.966" endtime="20210607 10:45:27.092"/>
</kw>
<status status="PASS" starttime="20210607 10:45:23.600" endtime="20210607 10:45:27.092"/>
</kw>
<test id="s1-t1" name="Scenario1: Verify Successful Login">
<kw name="Successful Login" library="HomePage">
<arg>${Successful_login}</arg>
<kw name="Given User Lands on Login Page" library="HomePage">
<arg>${EXP_LOGIN_TITLE}</arg>
<kw name="Element Text Should Be" library="SeleniumLibrary">
<arg>${Title_Path}</arg>
<arg>${EXP_LOGIN_TITLE}</arg>
<doc>Verifies that element ``locator`` contains exact the text ``expected``.</doc>
<msg timestamp="20210607 10:45:27.095" level="INFO">Verifying element 'xpath=//h4' contains exact text 'Accepted usernames are:'.</msg>
<status status="PASS" starttime="20210607 10:45:27.094" endtime="20210607 10:45:27.127"/>
</kw>
<status status="PASS" starttime="20210607 10:45:27.094" endtime="20210607 10:45:27.127"/>
</kw>
<kw name="When User Enters Username" library="HomePage">
<arg>${Successful_login.Username}</arg>
<kw name="Input Text" library="SeleniumLibrary">
<arg>${Username_Field}</arg>
<arg>${USERNAME}</arg>
<doc>Types the given ``text`` into the text field identified by ``locator``.</doc>
<msg timestamp="20210607 10:45:27.129" level="INFO">Typing text 'standard_user' into text field 'xpath=//input[@id='user-name']'.</msg>
<status status="PASS" starttime="20210607 10:45:27.129" endtime="20210607 10:45:27.282"/>
</kw>
<status status="PASS" starttime="20210607 10:45:27.127" endtime="20210607 10:45:27.282"/>
</kw>
<kw name="And User Enters Password" library="HomePage">
<arg>${Successful_login.Password}</arg>
<kw name="Input Text" library="SeleniumLibrary">
<arg>${Password_Field}</arg>
<arg>${PASSWORD}</arg>
<doc>Types the given ``text`` into the text field identified by ``locator``.</doc>
<msg timestamp="20210607 10:45:27.284" level="INFO">Typing text 'secret_sauce' into text field 'xpath=//input[@id='password']'.</msg>
<status status="PASS" starttime="20210607 10:45:27.284" endtime="20210607 10:45:27.416"/>
</kw>
<status status="PASS" starttime="20210607 10:45:27.282" endtime="20210607 10:45:27.416"/>
</kw>
<kw name="And User clicks on Login Button" library="HomePage">
<kw name="Click Element" library="SeleniumLibrary">
<arg>${Login_Button}</arg>
<doc>Click the element identified by ``locator``.</doc>
<msg timestamp="20210607 10:45:27.417" level="INFO">Clicking element 'xpath=//input[@id='login-button']'.</msg>
<status status="PASS" starttime="20210607 10:45:27.416" endtime="20210607 10:45:27.567"/>
</kw>
<status status="PASS" starttime="20210607 10:45:27.416" endtime="20210607 10:45:27.567"/>
</kw>
<kw name="Sleep" library="BuiltIn">
<arg>3s</arg>
<doc>Pauses the test executed for the given time.</doc>
<msg timestamp="20210607 10:45:30.576" level="INFO">Slept 3 seconds</msg>
<status status="PASS" starttime="20210607 10:45:27.568" endtime="20210607 10:45:30.576"/>
</kw>
<kw name="Then User Should Land into Products Page" library="ProductsPage">
<arg>${EXPECTED_TITLE}</arg>
<kw name="Element Text Should Be" library="SeleniumLibrary">
<arg>${PROD_TITLE_PATH}</arg>
<arg>${EXPECTED_TITLE}</arg>
<doc>Verifies that element ``locator`` contains exact the text ``expected``.</doc>
<msg timestamp="20210607 10:45:30.578" level="INFO">Verifying element 'xpath=//span[@class='title']' contains exact text 'PRODUCTS'.</msg>
<status status="PASS" starttime="20210607 10:45:30.577" endtime="20210607 10:45:30.612"/>
</kw>
<status status="PASS" starttime="20210607 10:45:30.577" endtime="20210607 10:45:30.612"/>
</kw>
<kw name="And User Clicks on logout" library="HomePage">
<kw name="Click Element" library="SeleniumLibrary">
<arg>${Hamburger_Button}</arg>
<doc>Click the element identified by ``locator``.</doc>
<msg timestamp="20210607 10:45:30.614" level="INFO">Clicking element 'xpath=//button[@id='react-burger-menu-btn']'.</msg>
<status status="PASS" starttime="20210607 10:45:30.614" endtime="20210607 10:45:30.684"/>
</kw>
<kw name="Sleep" library="BuiltIn">
<arg>1s</arg>
<doc>Pauses the test executed for the given time.</doc>
<msg timestamp="20210607 10:45:31.692" level="INFO">Slept 1 second</msg>
<status status="PASS" starttime="20210607 10:45:30.684" endtime="20210607 10:45:31.692"/>
</kw>
<kw name="Click Element" library="SeleniumLibrary">
<arg>${Logout_Button}</arg>
<doc>Click the element identified by ``locator``.</doc>
<msg timestamp="20210607 10:45:31.693" level="INFO">Clicking element 'xpath=//a[@id='logout_sidebar_link']'.</msg>
<status status="PASS" starttime="20210607 10:45:31.693" endtime="20210607 10:45:31.753"/>
</kw>
<status status="PASS" starttime="20210607 10:45:30.613" endtime="20210607 10:45:31.754"/>
</kw>
<kw name="Sleep" library="BuiltIn">
<arg>1s</arg>
<doc>Pauses the test executed for the given time.</doc>
<msg timestamp="20210607 10:45:32.761" level="INFO">Slept 1 second</msg>
<status status="PASS" starttime="20210607 10:45:31.755" endtime="20210607 10:45:32.761"/>
</kw>
<kw name="Then User Lands on Login Page" library="HomePage">
<arg>${EXP_LOGIN_TITLE}</arg>
<kw name="Element Text Should Be" library="SeleniumLibrary">
<arg>${Title_Path}</arg>
<arg>${EXP_LOGIN_TITLE}</arg>
<doc>Verifies that element ``locator`` contains exact the text ``expected``.</doc>
<msg timestamp="20210607 10:45:32.761" level="INFO">Verifying element 'xpath=//h4' contains exact text 'Accepted usernames are:'.</msg>
<status status="PASS" starttime="20210607 10:45:32.761" endtime="20210607 10:45:32.776"/>
</kw>
<status status="PASS" starttime="20210607 10:45:32.761" endtime="20210607 10:45:32.776"/>
</kw>
<status status="PASS" starttime="20210607 10:45:27.093" endtime="20210607 10:45:32.776"/>
</kw>
<status status="PASS" starttime="20210607 10:45:27.092" endtime="20210607 10:45:32.776"/>
</test>
<test id="s1-t2" name="Scenario2: Verify Unsuccessful Login">
<kw name="Unsuccessful Login" library="HomePage">
<arg>${Invalid_Username}</arg>
<kw name="Given User Lands on Login Page" library="HomePage">
<arg>${EXP_LOGIN_TITLE}</arg>
<kw name="Element Text Should Be" library="SeleniumLibrary">
<arg>${Title_Path}</arg>
<arg>${EXP_LOGIN_TITLE}</arg>
<doc>Verifies that element ``locator`` contains exact the text ``expected``.</doc>
<msg timestamp="20210607 10:45:32.776" level="INFO">Verifying element 'xpath=//h4' contains exact text 'Accepted usernames are:'.</msg>
<status status="PASS" starttime="20210607 10:45:32.776" endtime="20210607 10:45:32.792"/>
</kw>
<status status="PASS" starttime="20210607 10:45:32.776" endtime="20210607 10:45:32.792"/>
</kw>
<kw name="When User Enters Username" library="HomePage">
<arg>${Invalid_Username.Username}</arg>
<kw name="Input Text" library="SeleniumLibrary">
<arg>${Username_Field}</arg>
<arg>${USERNAME}</arg>
<doc>Types the given ``text`` into the text field identified by ``locator``.</doc>
<msg timestamp="20210607 10:45:32.792" level="INFO">Typing text 'hjgbsfhg' into text field 'xpath=//input[@id='user-name']'.</msg>
<status status="PASS" starttime="20210607 10:45:32.792" endtime="20210607 10:45:32.926"/>
</kw>
<status status="PASS" starttime="20210607 10:45:32.792" endtime="20210607 10:45:32.927"/>
</kw>
<kw name="And User Enters Password" library="HomePage">
<arg>${Invalid_Username.Password}</arg>
<kw name="Input Text" library="SeleniumLibrary">
<arg>${Password_Field}</arg>
<arg>${PASSWORD}</arg>
<doc>Types the given ``text`` into the text field identified by ``locator``.</doc>
<msg timestamp="20210607 10:45:32.929" level="INFO">Typing text 'secret_sauce' into text field 'xpath=//input[@id='password']'.</msg>
<status status="PASS" starttime="20210607 10:45:32.929" endtime="20210607 10:45:33.044"/>
</kw>
<status status="PASS" starttime="20210607 10:45:32.927" endtime="20210607 10:45:33.045"/>
</kw>
<kw name="And User clicks on Login Button" library="HomePage">
<kw name="Click Element" library="SeleniumLibrary">
<arg>${Login_Button}</arg>
<doc>Click the element identified by ``locator``.</doc>
<msg timestamp="20210607 10:45:33.046" level="INFO">Clicking element 'xpath=//input[@id='login-button']'.</msg>
<status status="PASS" starttime="20210607 10:45:33.045" endtime="20210607 10:45:33.106"/>
</kw>
<status status="PASS" starttime="20210607 10:45:33.045" endtime="20210607 10:45:33.106"/>
</kw>
<kw name="Then Error Should be displayed" library="HomePage">
<arg>${EXPECTED_ERROR}</arg>
<kw name="Element Text Should Be" library="SeleniumLibrary">
<arg>${Error_Path}</arg>
<arg>${EXPECTED_ERROR}</arg>
<doc>Verifies that element ``locator`` contains exact the text ``expected``.</doc>
<msg timestamp="20210607 10:45:33.107" level="INFO">Verifying element 'xpath=//h3' contains exact text 'Epic sadface: Username and password do not match any user in this service'.</msg>
<status status="PASS" starttime="20210607 10:45:33.107" endtime="20210607 10:45:33.134"/>
</kw>
<status status="PASS" starttime="20210607 10:45:33.106" endtime="20210607 10:45:33.134"/>
</kw>
<status status="PASS" starttime="20210607 10:45:32.776" endtime="20210607 10:45:33.135"/>
</kw>
<kw name="Unsuccessful Login" library="HomePage">
<arg>${Invalid_Password}</arg>
<kw name="Given User Lands on Login Page" library="HomePage">
<arg>${EXP_LOGIN_TITLE}</arg>
<kw name="Element Text Should Be" library="SeleniumLibrary">
<arg>${Title_Path}</arg>
<arg>${EXP_LOGIN_TITLE}</arg>
<doc>Verifies that element ``locator`` contains exact the text ``expected``.</doc>
<msg timestamp="20210607 10:45:33.137" level="INFO">Verifying element 'xpath=//h4' contains exact text 'Accepted usernames are:'.</msg>
<status status="PASS" starttime="20210607 10:45:33.137" endtime="20210607 10:45:33.151"/>
</kw>
<status status="PASS" starttime="20210607 10:45:33.136" endtime="20210607 10:45:33.151"/>
</kw>
<kw name="When User Enters Username" library="HomePage">
<arg>${Invalid_Username.Username}</arg>
<kw name="Input Text" library="SeleniumLibrary">
<arg>${Username_Field}</arg>
<arg>${USERNAME}</arg>
<doc>Types the given ``text`` into the text field identified by ``locator``.</doc>
<msg timestamp="20210607 10:45:33.151" level="INFO">Typing text 'standard_user' into text field 'xpath=//input[@id='user-name']'.</msg>
<status status="PASS" starttime="20210607 10:45:33.151" endtime="20210607 10:45:33.277"/>
</kw>
<status status="PASS" starttime="20210607 10:45:33.151" endtime="20210607 10:45:33.278"/>
</kw>
<kw name="And User Enters Password" library="HomePage">
<arg>${Invalid_Username.Password}</arg>
<kw name="Input Text" library="SeleniumLibrary">
<arg>${Password_Field}</arg>
<arg>${PASSWORD}</arg>
<doc>Types the given ``text`` into the text field identified by ``locator``.</doc>
<msg timestamp="20210607 10:45:33.281" level="INFO">Typing text 'gysgfuj' into text field 'xpath=//input[@id='password']'.</msg>
<status status="PASS" starttime="20210607 10:45:33.280" endtime="20210607 10:45:33.372"/>
</kw>
<status status="PASS" starttime="20210607 10:45:33.278" endtime="20210607 10:45:33.372"/>
</kw>
<kw name="And User clicks on Login Button" library="HomePage">
<kw name="Click Element" library="SeleniumLibrary">
<arg>${Login_Button}</arg>
<doc>Click the element identified by ``locator``.</doc>
<msg timestamp="20210607 10:45:33.373" level="INFO">Clicking element 'xpath=//input[@id='login-button']'.</msg>
<status status="PASS" starttime="20210607 10:45:33.373" endtime="20210607 10:45:33.407"/>
</kw>
<status status="PASS" starttime="20210607 10:45:33.373" endtime="20210607 10:45:33.408"/>
</kw>
<kw name="Then Error Should be displayed" library="HomePage">
<arg>${EXPECTED_ERROR}</arg>
<kw name="Element Text Should Be" library="SeleniumLibrary">
<arg>${Error_Path}</arg>
<arg>${EXPECTED_ERROR}</arg>
<doc>Verifies that element ``locator`` contains exact the text ``expected``.</doc>
<msg timestamp="20210607 10:45:33.409" level="INFO">Verifying element 'xpath=//h3' contains exact text 'Epic sadface: Username and password do not match any user in this service'.</msg>
<status status="PASS" starttime="20210607 10:45:33.408" endtime="20210607 10:45:33.425"/>
</kw>
<status status="PASS" starttime="20210607 10:45:33.408" endtime="20210607 10:45:33.425"/>
</kw>
<status status="PASS" starttime="20210607 10:45:33.135" endtime="20210607 10:45:33.425"/>
</kw>
<kw name="Unsuccessful Login" library="HomePage">
<arg>${Username_password_invalid}</arg>
<kw name="Given User Lands on Login Page" library="HomePage">
<arg>${EXP_LOGIN_TITLE}</arg>
<kw name="Element Text Should Be" library="SeleniumLibrary">
<arg>${Title_Path}</arg>
<arg>${EXP_LOGIN_TITLE}</arg>
<doc>Verifies that element ``locator`` contains exact the text ``expected``.</doc>
<msg timestamp="20210607 10:45:33.427" level="INFO">Verifying element 'xpath=//h4' contains exact text 'Accepted usernames are:'.</msg>
<status status="PASS" starttime="20210607 10:45:33.427" endtime="20210607 10:45:33.441"/>
</kw>
<status status="PASS" starttime="20210607 10:45:33.426" endtime="20210607 10:45:33.442"/>
</kw>
<kw name="When User Enters Username" library="HomePage">
<arg>${Invalid_Username.Username}</arg>
<kw name="Input Text" library="SeleniumLibrary">
<arg>${Username_Field}</arg>
<arg>${USERNAME}</arg>
<doc>Types the given ``text`` into the text field identified by ``locator``.</doc>
<msg timestamp="20210607 10:45:33.443" level="INFO">Typing text 'dhbfsh' into text field 'xpath=//input[@id='user-name']'.</msg>
<status status="PASS" starttime="20210607 10:45:33.443" endtime="20210607 10:45:33.535"/>
</kw>
<status status="PASS" starttime="20210607 10:45:33.442" endtime="20210607 10:45:33.535"/>
</kw>
<kw name="And User Enters Password" library="HomePage">
<arg>${Invalid_Username.Password}</arg>
<kw name="Input Text" library="SeleniumLibrary">
<arg>${Password_Field}</arg>
<arg>${PASSWORD}</arg>
<doc>Types the given ``text`` into the text field identified by ``locator``.</doc>
<msg timestamp="20210607 10:45:33.537" level="INFO">Typing text 'jhfuhu' into text field 'xpath=//input[@id='password']'.</msg>
<status status="PASS" starttime="20210607 10:45:33.537" endtime="20210607 10:45:33.621"/>
</kw>
<status status="PASS" starttime="20210607 10:45:33.535" endtime="20210607 10:45:33.622"/>
</kw>
<kw name="And User clicks on Login Button" library="HomePage">
<kw name="Click Element" library="SeleniumLibrary">
<arg>${Login_Button}</arg>
<doc>Click the element identified by ``locator``.</doc>
<msg timestamp="20210607 10:45:33.623" level="INFO">Clicking element 'xpath=//input[@id='login-button']'.</msg>
<status status="PASS" starttime="20210607 10:45:33.622" endtime="20210607 10:45:33.655"/>
</kw>
<status status="PASS" starttime="20210607 10:45:33.622" endtime="20210607 10:45:33.655"/>
</kw>
<kw name="Then Error Should be displayed" library="HomePage">
<arg>${EXPECTED_ERROR}</arg>
<kw name="Element Text Should Be" library="SeleniumLibrary">
<arg>${Error_Path}</arg>
<arg>${EXPECTED_ERROR}</arg>
<doc>Verifies that element ``locator`` contains exact the text ``expected``.</doc>
<msg timestamp="20210607 10:45:33.656" level="INFO">Verifying element 'xpath=//h3' contains exact text 'Epic sadface: Username and password do not match any user in this service'.</msg>
<status status="PASS" starttime="20210607 10:45:33.656" endtime="20210607 10:45:33.672"/>
</kw>
<status status="PASS" starttime="20210607 10:45:33.656" endtime="20210607 10:45:33.673"/>
</kw>
<status status="PASS" starttime="20210607 10:45:33.426" endtime="20210607 10:45:33.673"/>
</kw>
<kw name="Unsuccessful Login" library="HomePage">
<arg>${Blank}</arg>
<kw name="Given User Lands on Login Page" library="HomePage">
<arg>${EXP_LOGIN_TITLE}</arg>
<kw name="Element Text Should Be" library="SeleniumLibrary">
<arg>${Title_Path}</arg>
<arg>${EXP_LOGIN_TITLE}</arg>
<doc>Verifies that element ``locator`` contains exact the text ``expected``.</doc>
<msg timestamp="20210607 10:45:33.675" level="INFO">Verifying element 'xpath=//h4' contains exact text 'Accepted usernames are:'.</msg>
<status status="PASS" starttime="20210607 10:45:33.675" endtime="20210607 10:45:33.689"/>
</kw>
<status status="PASS" starttime="20210607 10:45:33.674" endtime="20210607 10:45:33.690"/>
</kw>
<kw name="When User Enters Username" library="HomePage">
<arg>${Invalid_Username.Username}</arg>
<kw name="Input Text" library="SeleniumLibrary">
<arg>${Username_Field}</arg>
<arg>${USERNAME}</arg>
<doc>Types the given ``text`` into the text field identified by ``locator``.</doc>
<msg timestamp="20210607 10:45:33.692" level="INFO">Typing text '#Blank' into text field 'xpath=//input[@id='user-name']'.</msg>
<status status="PASS" starttime="20210607 10:45:33.692" endtime="20210607 10:45:33.779"/>
</kw>
<status status="PASS" starttime="20210607 10:45:33.690" endtime="20210607 10:45:33.779"/>
</kw>
<kw name="And User Enters Password" library="HomePage">
<arg>${Invalid_Username.Password}</arg>
<kw name="Input Text" library="SeleniumLibrary">
<arg>${Password_Field}</arg>
<arg>${PASSWORD}</arg>
<doc>Types the given ``text`` into the text field identified by ``locator``.</doc>
<msg timestamp="20210607 10:45:33.781" level="INFO">Typing text '#Blank' into text field 'xpath=//input[@id='password']'.</msg>
<status status="PASS" starttime="20210607 10:45:33.781" endtime="20210607 10:45:33.879"/>
</kw>
<status status="PASS" starttime="20210607 10:45:33.779" endtime="20210607 10:45:33.880"/>
</kw>
<kw name="And User clicks on Login Button" library="HomePage">
<kw name="Click Element" library="SeleniumLibrary">
<arg>${Login_Button}</arg>
<doc>Click the element identified by ``locator``.</doc>
<msg timestamp="20210607 10:45:33.881" level="INFO">Clicking element 'xpath=//input[@id='login-button']'.</msg>
<status status="PASS" starttime="20210607 10:45:33.881" endtime="20210607 10:45:33.917"/>
</kw>
<status status="PASS" starttime="20210607 10:45:33.880" endtime="20210607 10:45:33.917"/>
</kw>
<kw name="Then Error Should be displayed" library="HomePage">
<arg>${EXPECTED_ERROR}</arg>
<kw name="Element Text Should Be" library="SeleniumLibrary">
<arg>${Error_Path}</arg>
<arg>${EXPECTED_ERROR}</arg>
<doc>Verifies that element ``locator`` contains exact the text ``expected``.</doc>
<msg timestamp="20210607 10:45:33.919" level="INFO">Verifying element 'xpath=//h3' contains exact text 'Epic sadface: Username and password do not match any user in this service'.</msg>
<status status="PASS" starttime="20210607 10:45:33.919" endtime="20210607 10:45:33.935"/>
</kw>
<status status="PASS" starttime="20210607 10:45:33.918" endtime="20210607 10:45:33.935"/>
</kw>
<status status="PASS" starttime="20210607 10:45:33.673" endtime="20210607 10:45:33.935"/>
</kw>
<status status="PASS" starttime="20210607 10:45:32.776" endtime="20210607 10:45:33.936"/>
</test>
<kw name="Close The Browser" library="BaseFile" type="TEARDOWN">
<kw name="Close Browser" library="SeleniumLibrary">
<doc>Closes the current browser.</doc>
<status status="PASS" starttime="20210607 10:45:33.938" endtime="20210607 10:45:36.334"/>
</kw>
<status status="PASS" starttime="20210607 10:45:33.938" endtime="20210607 10:45:36.334"/>
</kw>
<status status="PASS" starttime="20210607 10:45:23.237" endtime="20210607 10:45:36.334"/>
</suite>
<statistics>
<total>
<stat pass="2" fail="0" skip="0">All Tests</stat>
</total>
<tag>
</tag>
<suite>
<stat pass="2" fail="0" skip="0" id="s1" name="Feature login">Feature login</stat>
</suite>
</statistics>
<errors>
</errors>
</robot>
